[17:33:06] Connected to server oppai.azure.lol:80 (azure)
[17:33:07] Bot nickname has changed to: Guest 3136 [guest]
[17:33:09] Bot nickname has changed to: The Fiend Bot
[17:33:10] Joined room: masteryuniversity [chat]
[17:33:34] [masteryuniversity] [#Shades of Steel] [reload] Command: .reload 
[17:33:55] [masteryuniversity] [#Shades of Steel] [reload] Command: .reload 
[17:36:14] [masteryuniversity] [#Shades of Steel] [reload] Command: .reload 
[17:36:28] COMMAND CRASH: fetch is not defined
cmd: rank | by: #Shades of Steel | room: masteryuniversity
ReferenceError: fetch is not defined
    at Context.rank (F:\Mann\ecu\commands\base-basic.js:171:4)
    at Object.exports.parse (F:\Mann\ecu\command-parser.js:359:23)
    at MyEmitter.<anonymous> (F:\Mann\ecu\index.js:398:16)
    at MyEmitter.emit (events.js:203:13)
    at Client.receiveLine (F:\Mann\ecu\showdown-client.js:499:18)
    at Client.receiveMsg (F:\Mann\ecu\showdown-client.js:400:11)
    at Client.receive (F:\Mann\ecu\showdown-client.js:375:12)
    at WebSocketConnection.<anonymous> (F:\Mann\ecu\showdown-client.js:161:11)
    at WebSocketConnection.emit (events.js:203:13)
    at WebSocketConnection.processFrame (F:\Mann\ecu\node_modules\websocket\lib\WebSocketConnection.js:554:26)
[17:38:41] Connected to server oppai.azure.lol:80 (azure)
[17:38:41] Bot nickname has changed to: Guest 3149 [guest]
[17:38:43] Bot nickname has changed to: The Fiend Bot
[17:38:44] Joined room: masteryuniversity [chat]
[17:39:00] [masteryuniversity] [#Shades of Steel] [reload] Command: .reload 
[17:40:29] [masteryuniversity] [#Shades of Steel] [reload] Command: .reload 
[17:40:56] [masteryuniversity] [#Shades of Steel] [reload] Command: .reload 
[17:42:25] User  Shades of Steel used /invite kanasparadise
[17:42:26] Joined room: kanasparadise [chat]
[17:43:58] [kanasparadise] [#Shades of Steel] [reload] Command: .reload 
[17:53:54] [kanasparadise] [#Shades of Steel] [reload] Command: .reload 
[17:55:01] [kanasparadise] [#Shades of Steel] [reload] Command: .reload 
[17:56:08] [kanasparadise] [#Shades of Steel] [reload] Command: .reload 
[17:59:19] [kanasparadise] [#Shades of Steel] [reload] Command: .reload 
[17:59:46] [kanasparadise] [#Shades of Steel] [reload] Command: .reload 
[18:00:57] [kanasparadise] [#Shades of Steel] [reload] Command: .reload 
[18:01:14] [kanasparadise] [#Shades of Steel] [custom] Command: .custom !addhtmlbox hey
[18:02:20] [kanasparadise] [#Shades of Steel] [reload] Command: .reload 
[18:04:01] [kanasparadise] [#Shades of Steel] [reload] Command: .reload 
[18:08:28] [kanasparadise] [#Shades of Steel] [reload] Command: .reload 
[18:09:54] [kanasparadise] [#Shades of Steel] [reload] Command: .reload 
[18:10:20] [kanasparadise] [#Shades of Steel] [reload] Command: .reload 
[18:10:57] [kanasparadise] [#Shades of Steel] [reload] Command: .reload 
[18:14:41] Disconnected from server
[18:14:52] Connected to server oppai.azure.lol:80 (azure)
[18:14:52] Bot nickname has changed to: Guest 3169 [guest]
[18:14:55] Bot nickname has changed to: The Fiend Bot
[18:14:56] Joined room: masteryuniversity [chat]
[18:16:31] User  Shades of Steel used /invite kanasparadise
[18:16:32] Joined room: kanasparadise [chat]
[18:16:34] [kanasparadise] [#Shades of Steel] [reload] Command: .reload 
[18:19:54] [kanasparadise] [#Shades of Steel] [reload] Command: .reload 
[18:21:00] [kanasparadise] [#Shades of Steel] [reload] Command: .reload 
[18:22:46] [kanasparadise] [#Shades of Steel] [reload] Command: .reload 
[18:24:22] [kanasparadise] [#Shades of Steel] [reload] Command: .reload 
[18:25:07] [kanasparadise] [#Shades of Steel] [reload] Command: .reload 
[18:25:26] [kanasparadise] [#Shades of Steel] [reload] Command: .reload 
[18:26:57] Connected to server oppai.azure.lol:80 (azure)
[18:26:57] Bot nickname has changed to: Guest 3182 [guest]
[18:26:59] Bot nickname has changed to: The Fiend Bot
[18:26:59] Joined room: masteryuniversity [chat]
[18:27:05] User  Shades of Steel used /invite kanasparadise
[18:27:06] Joined room: kanasparadise [chat]
[18:27:07] [kanasparadise] [#Shades of Steel] [reload] Command: .reload 
[18:27:35] [kanasparadise] [#Shades of Steel] [reload] Command: .reload 
[18:28:56] [kanasparadise] [#Shades of Steel] [reload] Command: .reload 
[18:29:22] [kanasparadise] [#Shades of Steel] [reload] Command: .reload 
[18:29:47] [kanasparadise] [#Shades of Steel] [reload] Command: .reload 
[18:31:38] [kanasparadise] [#Shades of Steel] [reload] Command: .reload 
[18:32:30] [kanasparadise] [#Shades of Steel] [reload] Command: .reload 
[18:32:52] [masteryuniversity] [#Shades of Steel] [reload] Command: .reload 
[18:36:15] [masteryuniversity] [#Shades of Steel] [reload] Command: .reload 
[18:36:43] [masteryuniversity] [#Shades of Steel] [reload] Command: .reload 
[18:37:26] [masteryuniversity] [#Shades of Steel] [reload] Command: .reload 
[18:37:48] [masteryuniversity] [#Shades of Steel] [reload] Command: .reload 
[18:40:56] Disconnected from server
[18:41:07] Connected to server oppai.azure.lol:80 (azure)
[18:41:07] Bot nickname has changed to: Guest 3195 [guest]
[18:41:09] Bot nickname has changed to: The Fiend Bot
[18:41:10] Joined room: masteryuniversity [chat]
[18:44:56] Disconnected from server
[18:45:07] Connected to server oppai.azure.lol:80 (azure)
[18:45:07] Bot nickname has changed to: Guest 3200 [guest]
[18:45:09] Bot nickname has changed to: The Fiend Bot
[18:45:10] Joined room: masteryuniversity [chat]
[18:48:56] Disconnected from server
[18:49:07] Connected to server oppai.azure.lol:80 (azure)
[18:49:07] Bot nickname has changed to: Guest 3203 [guest]
[18:49:09] Bot nickname has changed to: The Fiend Bot
[18:49:11] Joined room: masteryuniversity [chat]
[18:54:56] Disconnected from server
[18:55:07] Connected to server oppai.azure.lol:80 (azure)
[18:55:07] Bot nickname has changed to: Guest 3209 [guest]
[18:55:09] Bot nickname has changed to: The Fiend Bot
[18:55:09] Joined room: masteryuniversity [chat]
[18:58:56] Disconnected from server
[18:59:07] Connected to server oppai.azure.lol:80 (azure)
[18:59:07] Bot nickname has changed to: Guest 3212 [guest]
[18:59:09] Bot nickname has changed to: The Fiend Bot
[18:59:10] Joined room: masteryuniversity [chat]
[19:04:56] Disconnected from server
[19:05:07] Connected to server oppai.azure.lol:80 (azure)
[19:05:07] Bot nickname has changed to: Guest 3219 [guest]
[19:05:09] Bot nickname has changed to: The Fiend Bot
[19:05:11] Joined room: masteryuniversity [chat]
[19:08:56] Disconnected from server
[19:09:07] Connected to server oppai.azure.lol:80 (azure)
[19:09:07] Bot nickname has changed to: Guest 3221 [guest]
[19:09:09] Bot nickname has changed to: The Fiend Bot
[19:09:11] Joined room: masteryuniversity [chat]
[19:12:56] Disconnected from server
[19:13:07] Connected to server oppai.azure.lol:80 (azure)
[19:13:07] Bot nickname has changed to: Guest 3228 [guest]
[19:13:12] Bot nickname has changed to: The Fiend Bot
[19:13:13] Joined room: masteryuniversity [chat]
[19:16:56] Disconnected from server
[19:17:07] Connected to server oppai.azure.lol:80 (azure)
[19:17:07] Bot nickname has changed to: Guest 3236 [guest]
[19:17:09] Bot nickname has changed to: The Fiend Bot
[19:17:10] Joined room: masteryuniversity [chat]
[19:22:56] Disconnected from server
[19:23:07] Connected to server oppai.azure.lol:80 (azure)
[19:23:07] Bot nickname has changed to: Guest 3241 [guest]
[19:23:09] Bot nickname has changed to: The Fiend Bot
[19:23:09] Joined room: masteryuniversity [chat]
[19:26:56] Disconnected from server
[19:27:07] Connected to server oppai.azure.lol:80 (azure)
[19:27:07] Bot nickname has changed to: Guest 3250 [guest]
[19:27:09] Bot nickname has changed to: The Fiend Bot
[19:27:09] Joined room: masteryuniversity [chat]
[19:30:56] Disconnected from server
[19:31:07] Connected to server oppai.azure.lol:80 (azure)
[19:31:07] Bot nickname has changed to: Guest 3255 [guest]
[19:31:09] Bot nickname has changed to: The Fiend Bot
[19:31:10] Joined room: masteryuniversity [chat]
[19:34:56] Disconnected from server
[19:35:07] Connected to server oppai.azure.lol:80 (azure)
[19:35:07] Bot nickname has changed to: Guest 3259 [guest]
[19:35:09] Bot nickname has changed to: The Fiend Bot
[19:35:09] Joined room: masteryuniversity [chat]
[19:38:56] Disconnected from server
[19:39:07] Connected to server oppai.azure.lol:80 (azure)
[19:39:07] Bot nickname has changed to: Guest 3263 [guest]
[19:39:09] Bot nickname has changed to: The Fiend Bot
[19:39:11] Joined room: masteryuniversity [chat]
[19:41:54] [masteryuniversity] [#Shades of Steel] [reload] Command: .reload 
[20:13:45] Connected to server oppai.azure.lol:80 (azure)
[20:13:45] Bot nickname has changed to: Guest 3302 [guest]
[20:13:47] Bot nickname has changed to: The Fiend Bot
[20:13:48] Joined room: masteryuniversity [chat]
[20:15:34] [masteryuniversity] [#Shades of Steel] [reload] Command: .reload 
[20:17:05] [masteryuniversity] [#Shades of Steel] [reload] Command: .reload 
[20:18:22] [masteryuniversity] [#Shades of Steel] [reload] Command: .reload 
[20:18:26] CRASH: this.restrictReply is not a function
TypeError: this.restrictReply is not a function
    at Request._callback (F:\Mann\ecu\commands\base-basic.js:217:11)
    at Request.self.callback (F:\Mann\ecu\node_modules\request\request.js:185:22)
    at Request.emit (events.js:203:13)
    at Request.<anonymous> (F:\Mann\ecu\node_modules\request\request.js:1161:10)
    at Request.emit (events.js:203:13)
    at IncomingMessage.<anonymous> (F:\Mann\ecu\node_modules\request\request.js:1083:12)
    at Object.onceWrapper (events.js:291:20)
    at IncomingMessage.emit (events.js:208:15)
    at endReadableNT (_stream_readable.js:1154:12)
    at processTicksAndRejections (internal/process/task_queues.js:77:11)
[20:40:14] Disconnected from server
[20:40:25] Connected to server oppai.azure.lol:80 (azure)
[20:40:25] Bot nickname has changed to: Guest 3330 [guest]
[20:40:27] Bot nickname has changed to: The Fiend Bot
[20:40:29] Joined room: masteryuniversity [chat]
[20:46:14] Disconnected from server
[20:46:24] Connected to server oppai.azure.lol:80 (azure)
[20:46:24] Bot nickname has changed to: Guest 3341 [guest]
[20:46:26] Bot nickname has changed to: The Fiend Bot
[20:46:27] Joined room: masteryuniversity [chat]
[20:50:22] [masteryuniversity] [#Shades of Steel] [reload] Command: .reload 
[20:50:56] [masteryuniversity] [#Shades of Steel] [reload] Command: .reload 
[20:52:53] [masteryuniversity] [#Shades of Steel] [reload] Command: .reload 
[20:55:25] [masteryuniversity] [#Shades of Steel] [reload] Command: .reload 
[20:56:33] [masteryuniversity] [#Shades of Steel] [reload] Command: .reload 
[20:57:42] [masteryuniversity] [#Shades of Steel] [reload] Command: .reload 
[20:57:58] [masteryuniversity] [#Shades of Steel] [reload] Command: .reload 
[21:00:14] Disconnected from server
[21:00:24] Connected to server oppai.azure.lol:80 (azure)
[21:00:24] Bot nickname has changed to: Guest 3353 [guest]
[21:00:26] Bot nickname has changed to: The Fiend Bot
[21:00:27] Joined room: masteryuniversity [chat]
[21:02:48] [masteryuniversity] [#Shades of Steel] [reload] Command: .reload 
[21:03:38] [masteryuniversity] [#Shades of Steel] [reload] Command: .reload 
[21:05:32] [masteryuniversity] [#Shades of Steel] [reload] Command: .reload 
[21:08:02] Connected to server oppai.azure.lol:80 (azure)
[21:08:02] Bot nickname has changed to: Guest 3362 [guest]
[21:08:04] Bot nickname has changed to: The Fiend Bot
[21:08:05] Joined room: masteryuniversity [chat]
[21:08:09] [masteryuniversity] [*Shades of Steel] [reload] Command: .reload 
[21:08:41] [masteryuniversity] [*Shades of Steel] [reload] Command: .reload 
[21:10:09] [masteryuniversity] [*Shades of Steel] [reload] Command: .reload 
[21:10:27] [masteryuniversity] [*Shades of Steel] [reload] Command: .reload 
[21:11:26] [masteryuniversity] [*Shades of Steel] [reload] Command: .reload 
[21:11:57] [masteryuniversity] [*Shades of Steel] [reload] Command: .reload 
[21:13:40] [masteryuniversity] [*Shades of Steel] [reload] Command: .reload 
